Traceback (most recent call last):
  File "/srv/conda/envs/notebook/lib/python3.9/site-packages/nbclient/client.py", line 618, in _async_poll_for_reply
    msg = await ensure_async(self.kc.shell_channel.get_msg(timeout=new_timeout))
  File "/srv/conda/envs/notebook/lib/python3.9/site-packages/nbclient/util.py", line 96, in ensure_async
    result = await obj
  File "/srv/conda/envs/notebook/lib/python3.9/site-packages/jupyter_client/channels.py", line 230, in get_msg
    raise Empty
_queue.Empty

During handling of the above exception, another exception occurred:

Traceback (most recent call last):
  File "/srv/conda/envs/notebook/lib/python3.9/site-packages/jupyter_cache/executors/utils.py", line 51, in single_nb_execution
    executenb(
  File "/srv/conda/envs/notebook/lib/python3.9/site-packages/nbclient/client.py", line 1085, in execute
    return NotebookClient(nb=nb, resources=resources, km=km, **kwargs).execute()
  File "/srv/conda/envs/notebook/lib/python3.9/site-packages/nbclient/util.py", line 84, in wrapped
    return just_run(coro(*args, **kwargs))
  File "/srv/conda/envs/notebook/lib/python3.9/site-packages/nbclient/util.py", line 62, in just_run
    return loop.run_until_complete(coro)
  File "/srv/conda/envs/notebook/lib/python3.9/asyncio/base_events.py", line 647, in run_until_complete
    return future.result()
  File "/srv/conda/envs/notebook/lib/python3.9/site-packages/nbclient/client.py", line 551, in async_execute
    await self.async_execute_cell(
  File "/srv/conda/envs/notebook/lib/python3.9/site-packages/nbclient/client.py", line 830, in async_execute_cell
    exec_reply = await self.task_poll_for_reply
  File "/srv/conda/envs/notebook/lib/python3.9/site-packages/nbclient/client.py", line 642, in _async_poll_for_reply
    await self._async_handle_timeout(timeout, cell)
  File "/srv/conda/envs/notebook/lib/python3.9/site-packages/nbclient/client.py", line 689, in _async_handle_timeout
    raise CellTimeoutError.error_from_timeout_and_cell(
nbclient.exceptions.CellTimeoutError: A cell timed out while it was being executed, after 300 seconds.
The message was: Cell execution timed out.
Here is a preview of the cell contents:
-------------------
['# Download input data sets', '#', '# 1. NEXRAD raw data files for KGLD, KDDC and KUEX', '# 2. RUC model data for temperature profile, Kansas and surroundings', '#']
...
['!cd ${NEXRAD_DATA_DIR}; tar xvfz nexrad_mosaic.KUEX.20210706_220000.tgz', '', '# clean up', '', '!cd ${NEXRAD_DATA_DIR}; /bin/rm -f *tgz']
-------------------

